[ 2018-07-26T21:21:40+08:00 ] 192.168.56.1 /index.php
INFO: [ app_init ] --START--
SQL: SHOW COLUMNS FROM `th_hooks` [ RunTime:0.027547s ]
SQL: SELECT `name`,`addons` FROM `th_hooks`  [ RunTime:0.000199s ]
SQL: SHOW COLUMNS FROM `th_addons` [ RunTime:0.000377s ]
SQL: SELECT `id`,`name` FROM `th_addons` WHERE ( `status` = 1 ) AND ( `name` IN ('ReturnTop') )  [ RunTime:0.000174s ]
SQL: SELECT `id`,`name` FROM `th_addons` WHERE ( `status` = 1 ) AND ( `name` IN ('Attachment') )  [ RunTime:0.000122s ]
SQL: SELECT `id`,`name` FROM `th_addons` WHERE ( `status` = 1 ) AND ( `name` IN ('Attachment','SocialComment') )  [ RunTime:0.000137s ]
SQL: SELECT `id`,`name` FROM `th_addons` WHERE ( `status` = 1 ) AND ( `name` IN ('Attachment') )  [ RunTime:0.000123s ]
SQL: SELECT `id`,`name` FROM `th_addons` WHERE ( `status` = 1 ) AND ( `name` IN ('Editor') )  [ RunTime:0.000118s ]
SQL: SELECT `id`,`name` FROM `th_addons` WHERE ( `status` = 1 ) AND ( `name` IN ('EditorForAdmin') )  [ RunTime:0.000118s ]
SQL: SELECT `id`,`name` FROM `th_addons` WHERE ( `status` = 1 ) AND ( `name` IN ('SiteStat','SystemInfo','DevTeam') )  [ RunTime:0.000124s ]
SQL: SELECT `id`,`name` FROM `th_addons` WHERE ( `status` = 1 ) AND ( `name` IN ('Editor') )  [ RunTime:0.000141s ]
INFO: Run Common\Behavior\InitHook [ RunTime:0.073305s ]
INFO: [ app_init ] --END-- [ RunTime:0.074527s ]
INFO: [ app_begin ] --START--
INFO: Run Behavior\ReadHtmlCache [ RunTime:0.001920s ]
INFO: [ app_begin ] --END-- [ RunTime:0.002007s ]
SQL: SHOW COLUMNS FROM `th_config` [ RunTime:0.000440s ]
SQL: SELECT `type`,`name`,`value` FROM `th_config` WHERE ( `status` = 1 )  [ RunTime:0.000214s ]
INFO: [ view_parse ] --START--
NOTIC: [8] Undefined variable: parsestr /data/thooh/www/thooh-blog/ThinkPHP/Library/OT/TagLib/RL.class.php 第 23 行.
NOTIC: [8] Undefined variable: parsestr /data/thooh/www/thooh-blog/ThinkPHP/Library/OT/TagLib/RL.class.php 第 23 行.
INFO: [ template_filter ] --START--
INFO: Run Behavior\ContentReplace [ RunTime:0.000202s ]
INFO: [ template_filter ] --END-- [ RunTime:0.000302s ]
NOTIC: [2] Use of undefined constant WEB_SITE_DESCRIPTION - assumed 'WEB_SITE_DESCRIPTION' (this will throw an Error in a future version of PHP) /data/thooh/www/thooh-blog/Runtime/Cache/Home/23809c2c600c712154ddb422baa122ef.php 第 8 行.
NOTIC: [2] Use of undefined constant WEB_SITE_KEYWORD - assumed 'WEB_SITE_KEYWORD' (this will throw an Error in a future version of PHP) /data/thooh/www/thooh-blog/Runtime/Cache/Home/23809c2c600c712154ddb422baa122ef.php 第 10 行.
NOTIC: [2] Use of undefined constant WEB_SITE_TITLE - assumed 'WEB_SITE_TITLE' (this will throw an Error in a future version of PHP) /data/thooh/www/thooh-blog/Runtime/Cache/Home/23809c2c600c712154ddb422baa122ef.php 第 14 行.
SQL: select * from th_category order by sort limit 10 [ RunTime:0.000420s ]
SQL: select *,th_category.name as c_name,th_document.description as descriptio,th_document.link_id as link_id  from th_document join th_document_article on th_document.id = th_document_article.id join th_category on th_document.category_id = th_category.id [ RunTime:0.024985s ]
SQL: SHOW COLUMNS FROM `th_url` [ RunTime:0.000358s ]
SQL: SELECT * FROM `th_url` WHERE ( `id` = 30 ) LIMIT 1   [ RunTime:0.000129s ]
SQL: SHOW COLUMNS FROM `th_picture` [ RunTime:0.000287s ]
SQL: SELECT * FROM `th_picture` WHERE ( `status` = 1 ) AND ( `id` = 3 ) LIMIT 1   [ RunTime:0.000142s ]
SQL: SELECT * FROM `th_picture` WHERE ( `status` = 1 ) AND ( `id` = 3 ) LIMIT 1   [ RunTime:0.000136s ]
SQL: SELECT * FROM `th_url` WHERE ( `id` = 30 ) LIMIT 1   [ RunTime:0.000106s ]
SQL: SELECT * FROM `th_picture` WHERE ( `status` = 1 ) AND ( `id` = 2 ) LIMIT 1   [ RunTime:0.000115s ]
SQL: SELECT * FROM `th_picture` WHERE ( `status` = 1 ) AND ( `id` = 2 ) LIMIT 1   [ RunTime:0.000115s ]
SQL: SELECT * FROM `th_url` WHERE ( `id` = 30 ) LIMIT 1   [ RunTime:0.000124s ]
SQL: SELECT * FROM `th_picture` WHERE ( `status` = 1 ) AND ( `id` = 4 ) LIMIT 1   [ RunTime:0.000115s ]
SQL: SELECT * FROM `th_picture` WHERE ( `status` = 1 ) AND ( `id` = 4 ) LIMIT 1   [ RunTime:0.000112s ]
INFO: Run Behavior\ParseTemplate [ RunTime:0.126594s ]
INFO: [ view_parse ] --END-- [ RunTime:0.126705s ]
INFO: [ view_filter ] --START--
INFO: Run Behavior\WriteHtmlCache [ RunTime:0.001722s ]
INFO: [ view_filter ] --END-- [ RunTime:0.001799s ]
INFO: [ app_end ] --START--
INFO: Run Behavior\ShowPageTrace [ RunTime:0.002699s ]
INFO: [ app_end ] --END-- [ RunTime:0.002797s ]

[ 2018-07-26T21:22:09+08:00 ] 192.168.56.1 /index.php
INFO: [ app_init ] --START--
INFO: Run Common\Behavior\InitHook [ RunTime:0.008742s ]
INFO: [ app_init ] --END-- [ RunTime:0.009978s ]
INFO: [ app_begin ] --START--
INFO: Run Behavior\ReadHtmlCache [ RunTime:0.001678s ]
INFO: [ app_begin ] --END-- [ RunTime:0.001765s ]
SQL: SHOW COLUMNS FROM `th_config` [ RunTime:0.000448s ]
SQL: SELECT `type`,`name`,`value` FROM `th_config` WHERE ( `status` = 1 )  [ RunTime:0.000212s ]
INFO: [ view_parse ] --START--
NOTIC: [8] Undefined variable: parsestr /data/thooh/www/thooh-blog/ThinkPHP/Library/OT/TagLib/RL.class.php 第 23 行.
NOTIC: [8] Undefined variable: parsestr /data/thooh/www/thooh-blog/ThinkPHP/Library/OT/TagLib/RL.class.php 第 23 行.
INFO: [ template_filter ] --START--
INFO: Run Behavior\ContentReplace [ RunTime:0.000187s ]
INFO: [ template_filter ] --END-- [ RunTime:0.000274s ]
NOTIC: [2] Use of undefined constant WEB_SITE_DESCRIPTION - assumed 'WEB_SITE_DESCRIPTION' (this will throw an Error in a future version of PHP) /data/thooh/www/thooh-blog/Runtime/Cache/Home/23809c2c600c712154ddb422baa122ef.php 第 8 行.
NOTIC: [2] Use of undefined constant WEB_SITE_KEYWORD - assumed 'WEB_SITE_KEYWORD' (this will throw an Error in a future version of PHP) /data/thooh/www/thooh-blog/Runtime/Cache/Home/23809c2c600c712154ddb422baa122ef.php 第 10 行.
NOTIC: [2] Use of undefined constant WEB_SITE_TITLE - assumed 'WEB_SITE_TITLE' (this will throw an Error in a future version of PHP) /data/thooh/www/thooh-blog/Runtime/Cache/Home/23809c2c600c712154ddb422baa122ef.php 第 14 行.
SQL: select * from th_category order by sort limit 10 [ RunTime:0.000344s ]
SQL: select *,th_category.name as c_name,th_document.description as descriptio,th_document.link_id as link_id  from th_document join th_document_article on th_document.id = th_document_article.id join th_category on th_document.category_id = th_category.id [ RunTime:0.000364s ]
SQL: SHOW COLUMNS FROM `th_url` [ RunTime:0.000292s ]
SQL: SELECT * FROM `th_url` WHERE ( `id` = 30 ) LIMIT 1   [ RunTime:0.000114s ]
SQL: SHOW COLUMNS FROM `th_picture` [ RunTime:0.000267s ]
SQL: SELECT * FROM `th_picture` WHERE ( `status` = 1 ) AND ( `id` = 3 ) LIMIT 1   [ RunTime:0.000124s ]
SQL: SELECT * FROM `th_picture` WHERE ( `status` = 1 ) AND ( `id` = 3 ) LIMIT 1   [ RunTime:0.000118s ]
SQL: SELECT * FROM `th_url` WHERE ( `id` = 30 ) LIMIT 1   [ RunTime:0.000108s ]
SQL: SELECT * FROM `th_picture` WHERE ( `status` = 1 ) AND ( `id` = 2 ) LIMIT 1   [ RunTime:0.000145s ]
SQL: SELECT * FROM `th_picture` WHERE ( `status` = 1 ) AND ( `id` = 2 ) LIMIT 1   [ RunTime:0.000115s ]
SQL: SELECT * FROM `th_url` WHERE ( `id` = 30 ) LIMIT 1   [ RunTime:0.000101s ]
SQL: SELECT * FROM `th_picture` WHERE ( `status` = 1 ) AND ( `id` = 4 ) LIMIT 1   [ RunTime:0.000120s ]
SQL: SELECT * FROM `th_picture` WHERE ( `status` = 1 ) AND ( `id` = 4 ) LIMIT 1   [ RunTime:0.000122s ]
INFO: Run Behavior\ParseTemplate [ RunTime:0.069596s ]
INFO: [ view_parse ] --END-- [ RunTime:0.069688s ]
INFO: [ view_filter ] --START--
INFO: Run Behavior\WriteHtmlCache [ RunTime:0.002390s ]
INFO: [ view_filter ] --END-- [ RunTime:0.002479s ]
INFO: [ app_end ] --START--
INFO: Run Behavior\ShowPageTrace [ RunTime:0.002575s ]
INFO: [ app_end ] --END-- [ RunTime:0.002677s ]

[ 2018-07-26T21:26:47+08:00 ] 192.168.56.1 /index.php
INFO: [ app_init ] --START--
INFO: Run Common\Behavior\InitHook [ RunTime:0.008186s ]
INFO: [ app_init ] --END-- [ RunTime:0.009392s ]
INFO: [ app_begin ] --START--
INFO: Run Behavior\ReadHtmlCache [ RunTime:0.001606s ]
INFO: [ app_begin ] --END-- [ RunTime:0.001690s ]
SQL: SHOW COLUMNS FROM `th_config` [ RunTime:0.000404s ]
SQL: SELECT `type`,`name`,`value` FROM `th_config` WHERE ( `status` = 1 )  [ RunTime:0.000213s ]
INFO: [ view_parse ] --START--
NOTIC: [8] Undefined variable: parsestr /data/thooh/www/thooh-blog/ThinkPHP/Library/OT/TagLib/RL.class.php 第 23 行.
NOTIC: [8] Undefined variable: parsestr /data/thooh/www/thooh-blog/ThinkPHP/Library/OT/TagLib/RL.class.php 第 23 行.
INFO: [ template_filter ] --START--
INFO: Run Behavior\ContentReplace [ RunTime:0.000191s ]
INFO: [ template_filter ] --END-- [ RunTime:0.000295s ]
NOTIC: [2] Use of undefined constant WEB_SITE_DESCRIPTION - assumed 'WEB_SITE_DESCRIPTION' (this will throw an Error in a future version of PHP) /data/thooh/www/thooh-blog/Runtime/Cache/Home/23809c2c600c712154ddb422baa122ef.php 第 8 行.
NOTIC: [2] Use of undefined constant WEB_SITE_KEYWORD - assumed 'WEB_SITE_KEYWORD' (this will throw an Error in a future version of PHP) /data/thooh/www/thooh-blog/Runtime/Cache/Home/23809c2c600c712154ddb422baa122ef.php 第 10 行.
NOTIC: [2] Use of undefined constant WEB_SITE_TITLE - assumed 'WEB_SITE_TITLE' (this will throw an Error in a future version of PHP) /data/thooh/www/thooh-blog/Runtime/Cache/Home/23809c2c600c712154ddb422baa122ef.php 第 14 行.
SQL: select * from th_category order by sort limit 10 [ RunTime:0.000360s ]
SQL: select *,th_category.name as c_name,th_document.description as descriptio,th_document.link_id as link_id  from th_document join th_document_article on th_document.id = th_document_article.id join th_category on th_document.category_id = th_category.id [ RunTime:0.000378s ]
SQL: SHOW COLUMNS FROM `th_url` [ RunTime:0.000326s ]
SQL: SELECT * FROM `th_url` WHERE ( `id` = 30 ) LIMIT 1   [ RunTime:0.000129s ]
SQL: SHOW COLUMNS FROM `th_picture` [ RunTime:0.000256s ]
SQL: SELECT * FROM `th_picture` WHERE ( `status` = 1 ) AND ( `id` = 3 ) LIMIT 1   [ RunTime:0.000126s ]
SQL: SELECT * FROM `th_picture` WHERE ( `status` = 1 ) AND ( `id` = 3 ) LIMIT 1   [ RunTime:0.000122s ]
SQL: SELECT * FROM `th_url` WHERE ( `id` = 30 ) LIMIT 1   [ RunTime:0.000103s ]
SQL: SELECT * FROM `th_picture` WHERE ( `status` = 1 ) AND ( `id` = 2 ) LIMIT 1   [ RunTime:0.000120s ]
SQL: SELECT * FROM `th_picture` WHERE ( `status` = 1 ) AND ( `id` = 2 ) LIMIT 1   [ RunTime:0.000116s ]
SQL: SELECT * FROM `th_url` WHERE ( `id` = 30 ) LIMIT 1   [ RunTime:0.000122s ]
SQL: SELECT * FROM `th_picture` WHERE ( `status` = 1 ) AND ( `id` = 4 ) LIMIT 1   [ RunTime:0.000119s ]
SQL: SELECT * FROM `th_picture` WHERE ( `status` = 1 ) AND ( `id` = 4 ) LIMIT 1   [ RunTime:0.000113s ]
INFO: Run Behavior\ParseTemplate [ RunTime:0.062223s ]
INFO: [ view_parse ] --END-- [ RunTime:0.062303s ]
INFO: [ view_filter ] --START--
INFO: Run Behavior\WriteHtmlCache [ RunTime:0.001399s ]
INFO: [ view_filter ] --END-- [ RunTime:0.001481s ]
INFO: [ app_end ] --START--
INFO: Run Behavior\ShowPageTrace [ RunTime:0.002142s ]
INFO: [ app_end ] --END-- [ RunTime:0.002232s ]

[ 2018-07-26T21:27:39+08:00 ] 192.168.56.1 /index.php
INFO: [ app_init ] --START--
INFO: Run Common\Behavior\InitHook [ RunTime:0.008230s ]
INFO: [ app_init ] --END-- [ RunTime:0.009466s ]
INFO: [ app_begin ] --START--
INFO: Run Behavior\ReadHtmlCache [ RunTime:0.001654s ]
INFO: [ app_begin ] --END-- [ RunTime:0.001739s ]
SQL: SHOW COLUMNS FROM `th_config` [ RunTime:0.000419s ]
SQL: SELECT `type`,`name`,`value` FROM `th_config` WHERE ( `status` = 1 )  [ RunTime:0.000191s ]
INFO: [ view_parse ] --START--
NOTIC: [8] Undefined variable: parsestr /data/thooh/www/thooh-blog/ThinkPHP/Library/OT/TagLib/RL.class.php 第 23 行.
NOTIC: [8] Undefined variable: parsestr /data/thooh/www/thooh-blog/ThinkPHP/Library/OT/TagLib/RL.class.php 第 23 行.
INFO: [ template_filter ] --START--
INFO: Run Behavior\ContentReplace [ RunTime:0.000187s ]
INFO: [ template_filter ] --END-- [ RunTime:0.000275s ]
NOTIC: [2] Use of undefined constant WEB_SITE_DESCRIPTION - assumed 'WEB_SITE_DESCRIPTION' (this will throw an Error in a future version of PHP) /data/thooh/www/thooh-blog/Runtime/Cache/Home/23809c2c600c712154ddb422baa122ef.php 第 8 行.
NOTIC: [2] Use of undefined constant WEB_SITE_KEYWORD - assumed 'WEB_SITE_KEYWORD' (this will throw an Error in a future version of PHP) /data/thooh/www/thooh-blog/Runtime/Cache/Home/23809c2c600c712154ddb422baa122ef.php 第 10 行.
NOTIC: [2] Use of undefined constant WEB_SITE_TITLE - assumed 'WEB_SITE_TITLE' (this will throw an Error in a future version of PHP) /data/thooh/www/thooh-blog/Runtime/Cache/Home/23809c2c600c712154ddb422baa122ef.php 第 14 行.
SQL: select * from th_category order by sort limit 10 [ RunTime:0.000346s ]
SQL: select *,th_category.name as c_name,th_document.description as descriptio,th_document.link_id as link_id  from th_document join th_document_article on th_document.id = th_document_article.id join th_category on th_document.category_id = th_category.id [ RunTime:0.000374s ]
SQL: SHOW COLUMNS FROM `th_url` [ RunTime:0.000288s ]
SQL: SELECT * FROM `th_url` WHERE ( `id` = 30 ) LIMIT 1   [ RunTime:0.000112s ]
SQL: SHOW COLUMNS FROM `th_picture` [ RunTime:0.000251s ]
SQL: SELECT * FROM `th_picture` WHERE ( `status` = 1 ) AND ( `id` = 3 ) LIMIT 1   [ RunTime:0.000150s ]
SQL: SELECT * FROM `th_picture` WHERE ( `status` = 1 ) AND ( `id` = 3 ) LIMIT 1   [ RunTime:0.000117s ]
SQL: SELECT * FROM `th_url` WHERE ( `id` = 30 ) LIMIT 1   [ RunTime:0.000109s ]
SQL: SELECT * FROM `th_picture` WHERE ( `status` = 1 ) AND ( `id` = 2 ) LIMIT 1   [ RunTime:0.000117s ]
SQL: SELECT * FROM `th_picture` WHERE ( `status` = 1 ) AND ( `id` = 2 ) LIMIT 1   [ RunTime:0.000135s ]
SQL: SELECT * FROM `th_url` WHERE ( `id` = 30 ) LIMIT 1   [ RunTime:0.000106s ]
SQL: SELECT * FROM `th_picture` WHERE ( `status` = 1 ) AND ( `id` = 4 ) LIMIT 1   [ RunTime:0.000114s ]
SQL: SELECT * FROM `th_picture` WHERE ( `status` = 1 ) AND ( `id` = 4 ) LIMIT 1   [ RunTime:0.000111s ]
INFO: Run Behavior\ParseTemplate [ RunTime:0.064872s ]
INFO: [ view_parse ] --END-- [ RunTime:0.064954s ]
INFO: [ view_filter ] --START--
INFO: Run Behavior\WriteHtmlCache [ RunTime:0.001596s ]
INFO: [ view_filter ] --END-- [ RunTime:0.001673s ]
INFO: [ app_end ] --START--
INFO: Run Behavior\ShowPageTrace [ RunTime:0.002548s ]
INFO: [ app_end ] --END-- [ RunTime:0.002650s ]

[ 2018-07-26T21:28:06+08:00 ] 192.168.56.1 /index.php
INFO: [ app_init ] --START--
INFO: Run Common\Behavior\InitHook [ RunTime:0.008142s ]
INFO: [ app_init ] --END-- [ RunTime:0.009393s ]
INFO: [ app_begin ] --START--
INFO: Run Behavior\ReadHtmlCache [ RunTime:0.001631s ]
INFO: [ app_begin ] --END-- [ RunTime:0.001716s ]
SQL: SHOW COLUMNS FROM `th_config` [ RunTime:0.000448s ]
SQL: SELECT `type`,`name`,`value` FROM `th_config` WHERE ( `status` = 1 )  [ RunTime:0.000216s ]
INFO: [ view_parse ] --START--
NOTIC: [8] Undefined variable: parsestr /data/thooh/www/thooh-blog/ThinkPHP/Library/OT/TagLib/RL.class.php 第 23 行.
NOTIC: [8] Undefined variable: parsestr /data/thooh/www/thooh-blog/ThinkPHP/Library/OT/TagLib/RL.class.php 第 23 行.
INFO: [ template_filter ] --START--
INFO: Run Behavior\ContentReplace [ RunTime:0.000205s ]
INFO: [ template_filter ] --END-- [ RunTime:0.000306s ]
NOTIC: [2] Use of undefined constant WEB_SITE_DESCRIPTION - assumed 'WEB_SITE_DESCRIPTION' (this will throw an Error in a future version of PHP) /data/thooh/www/thooh-blog/Runtime/Cache/Home/23809c2c600c712154ddb422baa122ef.php 第 8 行.
NOTIC: [2] Use of undefined constant WEB_SITE_KEYWORD - assumed 'WEB_SITE_KEYWORD' (this will throw an Error in a future version of PHP) /data/thooh/www/thooh-blog/Runtime/Cache/Home/23809c2c600c712154ddb422baa122ef.php 第 10 行.
NOTIC: [2] Use of undefined constant WEB_SITE_TITLE - assumed 'WEB_SITE_TITLE' (this will throw an Error in a future version of PHP) /data/thooh/www/thooh-blog/Runtime/Cache/Home/23809c2c600c712154ddb422baa122ef.php 第 14 行.
SQL: select * from th_category order by sort limit 10 [ RunTime:0.000330s ]
SQL: select *,th_category.name as c_name,th_document.description as descriptio,th_document.link_id as link_id  from th_document join th_document_article on th_document.id = th_document_article.id join th_category on th_document.category_id = th_category.id [ RunTime:0.000351s ]
SQL: SHOW COLUMNS FROM `th_url` [ RunTime:0.000289s ]
SQL: SELECT * FROM `th_url` WHERE ( `id` = 30 ) LIMIT 1   [ RunTime:0.000110s ]
SQL: SHOW COLUMNS FROM `th_picture` [ RunTime:0.000255s ]
SQL: SELECT * FROM `th_picture` WHERE ( `status` = 1 ) AND ( `id` = 3 ) LIMIT 1   [ RunTime:0.000124s ]
SQL: SELECT * FROM `th_picture` WHERE ( `status` = 1 ) AND ( `id` = 3 ) LIMIT 1   [ RunTime:0.000121s ]
SQL: SELECT * FROM `th_url` WHERE ( `id` = 30 ) LIMIT 1   [ RunTime:0.000104s ]
SQL: SELECT * FROM `th_picture` WHERE ( `status` = 1 ) AND ( `id` = 2 ) LIMIT 1   [ RunTime:0.000114s ]
SQL: SELECT * FROM `th_picture` WHERE ( `status` = 1 ) AND ( `id` = 2 ) LIMIT 1   [ RunTime:0.000114s ]
SQL: SELECT * FROM `th_url` WHERE ( `id` = 30 ) LIMIT 1   [ RunTime:0.000104s ]
SQL: SELECT * FROM `th_picture` WHERE ( `status` = 1 ) AND ( `id` = 4 ) LIMIT 1   [ RunTime:0.000115s ]
SQL: SELECT * FROM `th_picture` WHERE ( `status` = 1 ) AND ( `id` = 4 ) LIMIT 1   [ RunTime:0.000116s ]
INFO: Run Behavior\ParseTemplate [ RunTime:0.064785s ]
INFO: [ view_parse ] --END-- [ RunTime:0.064865s ]
INFO: [ view_filter ] --START--
INFO: Run Behavior\WriteHtmlCache [ RunTime:0.001629s ]
INFO: [ view_filter ] --END-- [ RunTime:0.001705s ]
INFO: [ app_end ] --START--
INFO: Run Behavior\ShowPageTrace [ RunTime:0.002428s ]
INFO: [ app_end ] --END-- [ RunTime:0.002520s ]

[ 2018-07-26T21:28:16+08:00 ] 192.168.56.1 /index.php
INFO: [ app_init ] --START--
INFO: Run Common\Behavior\InitHook [ RunTime:0.008276s ]
INFO: [ app_init ] --END-- [ RunTime:0.009487s ]
INFO: [ app_begin ] --START--
INFO: Run Behavior\ReadHtmlCache [ RunTime:0.001634s ]
INFO: [ app_begin ] --END-- [ RunTime:0.001732s ]
SQL: SHOW COLUMNS FROM `th_config` [ RunTime:0.000411s ]
SQL: SELECT `type`,`name`,`value` FROM `th_config` WHERE ( `status` = 1 )  [ RunTime:0.000203s ]
INFO: [ view_parse ] --START--
NOTIC: [8] Undefined variable: parsestr /data/thooh/www/thooh-blog/ThinkPHP/Library/OT/TagLib/RL.class.php 第 23 行.
NOTIC: [8] Undefined variable: parsestr /data/thooh/www/thooh-blog/ThinkPHP/Library/OT/TagLib/RL.class.php 第 23 行.
INFO: [ template_filter ] --START--
INFO: Run Behavior\ContentReplace [ RunTime:0.000190s ]
INFO: [ template_filter ] --END-- [ RunTime:0.000276s ]
NOTIC: [2] Use of undefined constant WEB_SITE_DESCRIPTION - assumed 'WEB_SITE_DESCRIPTION' (this will throw an Error in a future version of PHP) /data/thooh/www/thooh-blog/Runtime/Cache/Home/23809c2c600c712154ddb422baa122ef.php 第 8 行.
NOTIC: [2] Use of undefined constant WEB_SITE_KEYWORD - assumed 'WEB_SITE_KEYWORD' (this will throw an Error in a future version of PHP) /data/thooh/www/thooh-blog/Runtime/Cache/Home/23809c2c600c712154ddb422baa122ef.php 第 10 行.
NOTIC: [2] Use of undefined constant WEB_SITE_TITLE - assumed 'WEB_SITE_TITLE' (this will throw an Error in a future version of PHP) /data/thooh/www/thooh-blog/Runtime/Cache/Home/23809c2c600c712154ddb422baa122ef.php 第 14 行.
SQL: select * from th_category order by sort limit 10 [ RunTime:0.000392s ]
SQL: select *,th_category.name as c_name,th_document.description as descriptio,th_document.link_id as link_id  from th_document join th_document_article on th_document.id = th_document_article.id join th_category on th_document.category_id = th_category.id [ RunTime:0.006662s ]
SQL: SHOW COLUMNS FROM `th_url` [ RunTime:0.000340s ]
SQL: SELECT * FROM `th_url` WHERE ( `id` = 30 ) LIMIT 1   [ RunTime:0.000113s ]
SQL: SHOW COLUMNS FROM `th_picture` [ RunTime:0.000327s ]
SQL: SELECT * FROM `th_picture` WHERE ( `status` = 1 ) AND ( `id` = 3 ) LIMIT 1   [ RunTime:0.000124s ]
SQL: SELECT * FROM `th_picture` WHERE ( `status` = 1 ) AND ( `id` = 3 ) LIMIT 1   [ RunTime:0.000118s ]
SQL: SELECT * FROM `th_url` WHERE ( `id` = 30 ) LIMIT 1   [ RunTime:0.000128s ]
SQL: SELECT * FROM `th_picture` WHERE ( `status` = 1 ) AND ( `id` = 2 ) LIMIT 1   [ RunTime:0.000117s ]
SQL: SELECT * FROM `th_picture` WHERE ( `status` = 1 ) AND ( `id` = 2 ) LIMIT 1   [ RunTime:0.000115s ]
SQL: SELECT * FROM `th_url` WHERE ( `id` = 30 ) LIMIT 1   [ RunTime:0.000109s ]
SQL: SELECT * FROM `th_picture` WHERE ( `status` = 1 ) AND ( `id` = 4 ) LIMIT 1   [ RunTime:0.000115s ]
SQL: SELECT * FROM `th_picture` WHERE ( `status` = 1 ) AND ( `id` = 4 ) LIMIT 1   [ RunTime:0.000136s ]
INFO: Run Behavior\ParseTemplate [ RunTime:0.071006s ]
INFO: [ view_parse ] --END-- [ RunTime:0.071086s ]
INFO: [ view_filter ] --START--
INFO: Run Behavior\WriteHtmlCache [ RunTime:0.001597s ]
INFO: [ view_filter ] --END-- [ RunTime:0.001684s ]
INFO: [ app_end ] --START--
INFO: Run Behavior\ShowPageTrace [ RunTime:0.002688s ]
INFO: [ app_end ] --END-- [ RunTime:0.002789s ]

[ 2018-07-26T21:28:33+08:00 ] 192.168.56.1 /index.php
INFO: [ app_init ] --START--
INFO: Run Common\Behavior\InitHook [ RunTime:0.008090s ]
INFO: [ app_init ] --END-- [ RunTime:0.009285s ]
INFO: [ app_begin ] --START--
INFO: Run Behavior\ReadHtmlCache [ RunTime:0.001613s ]
INFO: [ app_begin ] --END-- [ RunTime:0.001696s ]
SQL: SHOW COLUMNS FROM `th_config` [ RunTime:0.000399s ]
SQL: SELECT `type`,`name`,`value` FROM `th_config` WHERE ( `status` = 1 )  [ RunTime:0.000186s ]
INFO: [ view_parse ] --START--
NOTIC: [8] Undefined variable: parsestr /data/thooh/www/thooh-blog/ThinkPHP/Library/OT/TagLib/RL.class.php 第 23 行.
NOTIC: [8] Undefined variable: parsestr /data/thooh/www/thooh-blog/ThinkPHP/Library/OT/TagLib/RL.class.php 第 23 行.
INFO: [ template_filter ] --START--
INFO: Run Behavior\ContentReplace [ RunTime:0.000188s ]
INFO: [ template_filter ] --END-- [ RunTime:0.000279s ]
NOTIC: [2] Use of undefined constant WEB_SITE_DESCRIPTION - assumed 'WEB_SITE_DESCRIPTION' (this will throw an Error in a future version of PHP) /data/thooh/www/thooh-blog/Runtime/Cache/Home/23809c2c600c712154ddb422baa122ef.php 第 8 行.
NOTIC: [2] Use of undefined constant WEB_SITE_KEYWORD - assumed 'WEB_SITE_KEYWORD' (this will throw an Error in a future version of PHP) /data/thooh/www/thooh-blog/Runtime/Cache/Home/23809c2c600c712154ddb422baa122ef.php 第 10 行.
NOTIC: [2] Use of undefined constant WEB_SITE_TITLE - assumed 'WEB_SITE_TITLE' (this will throw an Error in a future version of PHP) /data/thooh/www/thooh-blog/Runtime/Cache/Home/23809c2c600c712154ddb422baa122ef.php 第 14 行.
SQL: select * from th_category order by sort limit 10 [ RunTime:0.000338s ]
SQL: select *,th_category.name as c_name,th_document.description as descriptio,th_document.link_id as link_id  from th_document join th_document_article on th_document.id = th_document_article.id join th_category on th_document.category_id = th_category.id [ RunTime:0.000401s ]
SQL: SHOW COLUMNS FROM `th_url` [ RunTime:0.000310s ]
SQL: SELECT * FROM `th_url` WHERE ( `id` = 30 ) LIMIT 1   [ RunTime:0.000130s ]
SQL: SHOW COLUMNS FROM `th_picture` [ RunTime:0.000264s ]
SQL: SELECT * FROM `th_picture` WHERE ( `status` = 1 ) AND ( `id` = 3 ) LIMIT 1   [ RunTime:0.000122s ]
SQL: SELECT * FROM `th_picture` WHERE ( `status` = 1 ) AND ( `id` = 3 ) LIMIT 1   [ RunTime:0.000121s ]
SQL: SELECT * FROM `th_url` WHERE ( `id` = 30 ) LIMIT 1   [ RunTime:0.000103s ]
SQL: SELECT * FROM `th_picture` WHERE ( `status` = 1 ) AND ( `id` = 2 ) LIMIT 1   [ RunTime:0.000119s ]
SQL: SELECT * FROM `th_picture` WHERE ( `status` = 1 ) AND ( `id` = 2 ) LIMIT 1   [ RunTime:0.000116s ]
SQL: SELECT * FROM `th_url` WHERE ( `id` = 30 ) LIMIT 1   [ RunTime:0.000102s ]
SQL: SELECT * FROM `th_picture` WHERE ( `status` = 1 ) AND ( `id` = 4 ) LIMIT 1   [ RunTime:0.000116s ]
SQL: SELECT * FROM `th_picture` WHERE ( `status` = 1 ) AND ( `id` = 4 ) LIMIT 1   [ RunTime:0.000116s ]
INFO: Run Behavior\ParseTemplate [ RunTime:0.062671s ]
INFO: [ view_parse ] --END-- [ RunTime:0.062749s ]
INFO: [ view_filter ] --START--
INFO: Run Behavior\WriteHtmlCache [ RunTime:0.001407s ]
INFO: [ view_filter ] --END-- [ RunTime:0.001502s ]
INFO: [ app_end ] --START--
INFO: Run Behavior\ShowPageTrace [ RunTime:0.001977s ]
INFO: [ app_end ] --END-- [ RunTime:0.002069s ]

[ 2018-07-26T21:28:44+08:00 ] 192.168.56.1 /index.php
INFO: [ app_init ] --START--
INFO: Run Common\Behavior\InitHook [ RunTime:0.008373s ]
INFO: [ app_init ] --END-- [ RunTime:0.009591s ]
INFO: [ app_begin ] --START--
INFO: Run Behavior\ReadHtmlCache [ RunTime:0.001696s ]
INFO: [ app_begin ] --END-- [ RunTime:0.001782s ]
SQL: SHOW COLUMNS FROM `th_config` [ RunTime:0.000399s ]
SQL: SELECT `type`,`name`,`value` FROM `th_config` WHERE ( `status` = 1 )  [ RunTime:0.000188s ]
INFO: [ view_parse ] --START--
NOTIC: [8] Undefined variable: parsestr /data/thooh/www/thooh-blog/ThinkPHP/Library/OT/TagLib/RL.class.php 第 23 行.
NOTIC: [8] Undefined variable: parsestr /data/thooh/www/thooh-blog/ThinkPHP/Library/OT/TagLib/RL.class.php 第 23 行.
INFO: [ template_filter ] --START--
INFO: Run Behavior\ContentReplace [ RunTime:0.000188s ]
INFO: [ template_filter ] --END-- [ RunTime:0.000275s ]
NOTIC: [2] Use of undefined constant WEB_SITE_DESCRIPTION - assumed 'WEB_SITE_DESCRIPTION' (this will throw an Error in a future version of PHP) /data/thooh/www/thooh-blog/Runtime/Cache/Home/23809c2c600c712154ddb422baa122ef.php 第 8 行.
NOTIC: [2] Use of undefined constant WEB_SITE_KEYWORD - assumed 'WEB_SITE_KEYWORD' (this will throw an Error in a future version of PHP) /data/thooh/www/thooh-blog/Runtime/Cache/Home/23809c2c600c712154ddb422baa122ef.php 第 10 行.
NOTIC: [2] Use of undefined constant WEB_SITE_TITLE - assumed 'WEB_SITE_TITLE' (this will throw an Error in a future version of PHP) /data/thooh/www/thooh-blog/Runtime/Cache/Home/23809c2c600c712154ddb422baa122ef.php 第 14 行.
SQL: select * from th_category order by sort limit 10 [ RunTime:0.000340s ]
SQL: select *,th_category.name as c_name,th_document.description as descriptio,th_document.link_id as link_id  from th_document join th_document_article on th_document.id = th_document_article.id join th_category on th_document.category_id = th_category.id [ RunTime:0.000400s ]
SQL: SHOW COLUMNS FROM `th_url` [ RunTime:0.000324s ]
SQL: SELECT * FROM `th_url` WHERE ( `id` = 30 ) LIMIT 1   [ RunTime:0.000115s ]
SQL: SHOW COLUMNS FROM `th_picture` [ RunTime:0.000302s ]
SQL: SELECT * FROM `th_picture` WHERE ( `status` = 1 ) AND ( `id` = 3 ) LIMIT 1   [ RunTime:0.000157s ]
SQL: SELECT * FROM `th_picture` WHERE ( `status` = 1 ) AND ( `id` = 3 ) LIMIT 1   [ RunTime:0.000124s ]
SQL: SELECT * FROM `th_url` WHERE ( `id` = 30 ) LIMIT 1   [ RunTime:0.000104s ]
SQL: SELECT * FROM `th_picture` WHERE ( `status` = 1 ) AND ( `id` = 2 ) LIMIT 1   [ RunTime:0.000121s ]
SQL: SELECT * FROM `th_picture` WHERE ( `status` = 1 ) AND ( `id` = 2 ) LIMIT 1   [ RunTime:0.000117s ]
SQL: SELECT * FROM `th_url` WHERE ( `id` = 30 ) LIMIT 1   [ RunTime:0.000106s ]
SQL: SELECT * FROM `th_picture` WHERE ( `status` = 1 ) AND ( `id` = 4 ) LIMIT 1   [ RunTime:0.000119s ]
SQL: SELECT * FROM `th_picture` WHERE ( `status` = 1 ) AND ( `id` = 4 ) LIMIT 1   [ RunTime:0.000118s ]
INFO: Run Behavior\ParseTemplate [ RunTime:0.059699s ]
INFO: [ view_parse ] --END-- [ RunTime:0.059780s ]
INFO: [ view_filter ] --START--
INFO: Run Behavior\WriteHtmlCache [ RunTime:0.001469s ]
INFO: [ view_filter ] --END-- [ RunTime:0.001551s ]
INFO: [ app_end ] --START--
INFO: Run Behavior\ShowPageTrace [ RunTime:0.002004s ]
INFO: [ app_end ] --END-- [ RunTime:0.002111s ]

[ 2018-07-26T21:29:19+08:00 ] 192.168.56.1 /index.php
INFO: [ app_init ] --START--
INFO: Run Common\Behavior\InitHook [ RunTime:0.008116s ]
INFO: [ app_init ] --END-- [ RunTime:0.009323s ]
INFO: [ app_begin ] --START--
INFO: Run Behavior\ReadHtmlCache [ RunTime:0.001615s ]
INFO: [ app_begin ] --END-- [ RunTime:0.001708s ]
SQL: SHOW COLUMNS FROM `th_config` [ RunTime:0.000450s ]
SQL: SELECT `type`,`name`,`value` FROM `th_config` WHERE ( `status` = 1 )  [ RunTime:0.000219s ]
INFO: [ view_parse ] --START--
NOTIC: [8] Undefined variable: parsestr /data/thooh/www/thooh-blog/ThinkPHP/Library/OT/TagLib/RL.class.php 第 23 行.
NOTIC: [8] Undefined variable: parsestr /data/thooh/www/thooh-blog/ThinkPHP/Library/OT/TagLib/RL.class.php 第 23 行.
INFO: [ template_filter ] --START--
INFO: Run Behavior\ContentReplace [ RunTime:0.000187s ]
INFO: [ template_filter ] --END-- [ RunTime:0.000268s ]
NOTIC: [2] Use of undefined constant WEB_SITE_DESCRIPTION - assumed 'WEB_SITE_DESCRIPTION' (this will throw an Error in a future version of PHP) /data/thooh/www/thooh-blog/Runtime/Cache/Home/23809c2c600c712154ddb422baa122ef.php 第 8 行.
NOTIC: [2] Use of undefined constant WEB_SITE_KEYWORD - assumed 'WEB_SITE_KEYWORD' (this will throw an Error in a future version of PHP) /data/thooh/www/thooh-blog/Runtime/Cache/Home/23809c2c600c712154ddb422baa122ef.php 第 10 行.
NOTIC: [2] Use of undefined constant WEB_SITE_TITLE - assumed 'WEB_SITE_TITLE' (this will throw an Error in a future version of PHP) /data/thooh/www/thooh-blog/Runtime/Cache/Home/23809c2c600c712154ddb422baa122ef.php 第 14 行.
SQL: select * from th_category order by sort limit 10 [ RunTime:0.000372s ]
SQL: select *,th_category.name as c_name,th_document.description as descriptio,th_document.link_id as link_id  from th_document join th_document_article on th_document.id = th_document_article.id join th_category on th_document.category_id = th_category.id [ RunTime:0.000380s ]
SQL: SHOW COLUMNS FROM `th_url` [ RunTime:0.000342s ]
SQL: SELECT * FROM `th_url` WHERE ( `id` = 30 ) LIMIT 1   [ RunTime:0.000113s ]
SQL: SHOW COLUMNS FROM `th_picture` [ RunTime:0.000279s ]
SQL: SELECT * FROM `th_picture` WHERE ( `status` = 1 ) AND ( `id` = 3 ) LIMIT 1   [ RunTime:0.000124s ]
SQL: SELECT * FROM `th_picture` WHERE ( `status` = 1 ) AND ( `id` = 3 ) LIMIT 1   [ RunTime:0.000118s ]
SQL: SELECT * FROM `th_url` WHERE ( `id` = 30 ) LIMIT 1   [ RunTime:0.000102s ]
SQL: SELECT * FROM `th_picture` WHERE ( `status` = 1 ) AND ( `id` = 2 ) LIMIT 1   [ RunTime:0.000117s ]
SQL: SELECT * FROM `th_picture` WHERE ( `status` = 1 ) AND ( `id` = 2 ) LIMIT 1   [ RunTime:0.000115s ]
SQL: SELECT * FROM `th_url` WHERE ( `id` = 30 ) LIMIT 1   [ RunTime:0.000105s ]
SQL: SELECT * FROM `th_picture` WHERE ( `status` = 1 ) AND ( `id` = 4 ) LIMIT 1   [ RunTime:0.000117s ]
SQL: SELECT * FROM `th_picture` WHERE ( `status` = 1 ) AND ( `id` = 4 ) LIMIT 1   [ RunTime:0.000113s ]
INFO: Run Behavior\ParseTemplate [ RunTime:0.062926s ]
INFO: [ view_parse ] --END-- [ RunTime:0.063005s ]
INFO: [ view_filter ] --START--
INFO: Run Behavior\WriteHtmlCache [ RunTime:0.001614s ]
INFO: [ view_filter ] --END-- [ RunTime:0.001704s ]
INFO: [ app_end ] --START--
INFO: Run Behavior\ShowPageTrace [ RunTime:0.002490s ]
INFO: [ app_end ] --END-- [ RunTime:0.002581s ]

[ 2018-07-26T21:29:23+08:00 ] 192.168.56.1 /index.php
INFO: [ app_init ] --START--
INFO: Run Common\Behavior\InitHook [ RunTime:0.005300s ]
INFO: [ app_init ] --END-- [ RunTime:0.006212s ]
INFO: [ app_begin ] --START--
INFO: Run Behavior\ReadHtmlCache [ RunTime:0.001353s ]
INFO: [ app_begin ] --END-- [ RunTime:0.001433s ]
SQL: SHOW COLUMNS FROM `th_config` [ RunTime:0.000385s ]
SQL: SELECT `type`,`name`,`value` FROM `th_config` WHERE ( `status` = 1 )  [ RunTime:0.000185s ]
INFO: [ view_parse ] --START--
NOTIC: [8] Undefined variable: parsestr /data/thooh/www/thooh-blog/ThinkPHP/Library/OT/TagLib/RL.class.php 第 23 行.
NOTIC: [8] Undefined variable: parsestr /data/thooh/www/thooh-blog/ThinkPHP/Library/OT/TagLib/RL.class.php 第 23 行.
INFO: [ template_filter ] --START--
INFO: Run Behavior\ContentReplace [ RunTime:0.000188s ]
INFO: [ template_filter ] --END-- [ RunTime:0.000272s ]
NOTIC: [2] Use of undefined constant WEB_SITE_DESCRIPTION - assumed 'WEB_SITE_DESCRIPTION' (this will throw an Error in a future version of PHP) /data/thooh/www/thooh-blog/Runtime/Cache/Home/23809c2c600c712154ddb422baa122ef.php 第 8 行.
NOTIC: [2] Use of undefined constant WEB_SITE_KEYWORD - assumed 'WEB_SITE_KEYWORD' (this will throw an Error in a future version of PHP) /data/thooh/www/thooh-blog/Runtime/Cache/Home/23809c2c600c712154ddb422baa122ef.php 第 10 行.
NOTIC: [2] Use of undefined constant WEB_SITE_TITLE - assumed 'WEB_SITE_TITLE' (this will throw an Error in a future version of PHP) /data/thooh/www/thooh-blog/Runtime/Cache/Home/23809c2c600c712154ddb422baa122ef.php 第 14 行.
SQL: select * from th_category order by sort limit 10 [ RunTime:0.000340s ]
SQL: select *,th_category.name as c_name,th_document.description as descriptio,th_document.link_id as link_id  from th_document join th_document_article on th_document.id = th_document_article.id join th_category on th_document.category_id = th_category.id [ RunTime:0.000377s ]
SQL: SHOW COLUMNS FROM `th_url` [ RunTime:0.000317s ]
SQL: SELECT * FROM `th_url` WHERE ( `id` = 30 ) LIMIT 1   [ RunTime:0.000110s ]
SQL: SHOW COLUMNS FROM `th_picture` [ RunTime:0.000266s ]
SQL: SELECT * FROM `th_picture` WHERE ( `status` = 1 ) AND ( `id` = 3 ) LIMIT 1   [ RunTime:0.000123s ]
SQL: SELECT * FROM `th_picture` WHERE ( `status` = 1 ) AND ( `id` = 3 ) LIMIT 1   [ RunTime:0.000122s ]
SQL: SELECT * FROM `th_url` WHERE ( `id` = 30 ) LIMIT 1   [ RunTime:0.000105s ]
SQL: SELECT * FROM `th_picture` WHERE ( `status` = 1 ) AND ( `id` = 2 ) LIMIT 1   [ RunTime:0.000138s ]
SQL: SELECT * FROM `th_picture` WHERE ( `status` = 1 ) AND ( `id` = 2 ) LIMIT 1   [ RunTime:0.000130s ]
SQL: SELECT * FROM `th_url` WHERE ( `id` = 30 ) LIMIT 1   [ RunTime:0.000102s ]
SQL: SELECT * FROM `th_picture` WHERE ( `status` = 1 ) AND ( `id` = 4 ) LIMIT 1   [ RunTime:0.000121s ]
SQL: SELECT * FROM `th_picture` WHERE ( `status` = 1 ) AND ( `id` = 4 ) LIMIT 1   [ RunTime:0.000114s ]
INFO: Run Behavior\ParseTemplate [ RunTime:0.053471s ]
INFO: [ view_parse ] --END-- [ RunTime:0.053550s ]
INFO: [ view_filter ] --START--
INFO: Run Behavior\WriteHtmlCache [ RunTime:0.001111s ]
INFO: [ view_filter ] --END-- [ RunTime:0.001190s ]
INFO: [ app_end ] --START--
INFO: Run Behavior\ShowPageTrace [ RunTime:0.001740s ]
INFO: [ app_end ] --END-- [ RunTime:0.001833s ]

[ 2018-07-26T21:29:26+08:00 ] 192.168.56.1 /index.php
INFO: [ app_init ] --START--
INFO: Run Common\Behavior\InitHook [ RunTime:0.005625s ]
INFO: [ app_init ] --END-- [ RunTime:0.006541s ]
INFO: [ app_begin ] --START--
INFO: Run Behavior\ReadHtmlCache [ RunTime:0.001341s ]
INFO: [ app_begin ] --END-- [ RunTime:0.001433s ]
SQL: SHOW COLUMNS FROM `th_config` [ RunTime:0.000424s ]
SQL: SELECT `type`,`name`,`value` FROM `th_config` WHERE ( `status` = 1 )  [ RunTime:0.000182s ]
INFO: [ view_parse ] --START--
NOTIC: [8] Undefined variable: parsestr /data/thooh/www/thooh-blog/ThinkPHP/Library/OT/TagLib/RL.class.php 第 23 行.
NOTIC: [8] Undefined variable: parsestr /data/thooh/www/thooh-blog/ThinkPHP/Library/OT/TagLib/RL.class.php 第 23 行.
INFO: [ template_filter ] --START--
INFO: Run Behavior\ContentReplace [ RunTime:0.000187s ]
INFO: [ template_filter ] --END-- [ RunTime:0.000269s ]
NOTIC: [2] Use of undefined constant WEB_SITE_DESCRIPTION - assumed 'WEB_SITE_DESCRIPTION' (this will throw an Error in a future version of PHP) /data/thooh/www/thooh-blog/Runtime/Cache/Home/23809c2c600c712154ddb422baa122ef.php 第 8 行.
NOTIC: [2] Use of undefined constant WEB_SITE_KEYWORD - assumed 'WEB_SITE_KEYWORD' (this will throw an Error in a future version of PHP) /data/thooh/www/thooh-blog/Runtime/Cache/Home/23809c2c600c712154ddb422baa122ef.php 第 10 行.
NOTIC: [2] Use of undefined constant WEB_SITE_TITLE - assumed 'WEB_SITE_TITLE' (this will throw an Error in a future version of PHP) /data/thooh/www/thooh-blog/Runtime/Cache/Home/23809c2c600c712154ddb422baa122ef.php 第 14 行.
SQL: select * from th_category order by sort limit 10 [ RunTime:0.000337s ]
SQL: select *,th_category.name as c_name,th_document.description as descriptio,th_document.link_id as link_id  from th_document join th_document_article on th_document.id = th_document_article.id join th_category on th_document.category_id = th_category.id [ RunTime:0.000377s ]
SQL: SHOW COLUMNS FROM `th_url` [ RunTime:0.000329s ]
SQL: SELECT * FROM `th_url` WHERE ( `id` = 30 ) LIMIT 1   [ RunTime:0.000113s ]
SQL: SHOW COLUMNS FROM `th_picture` [ RunTime:0.000266s ]
SQL: SELECT * FROM `th_picture` WHERE ( `status` = 1 ) AND ( `id` = 3 ) LIMIT 1   [ RunTime:0.000127s ]
SQL: SELECT * FROM `th_picture` WHERE ( `status` = 1 ) AND ( `id` = 3 ) LIMIT 1   [ RunTime:0.000119s ]
SQL: SELECT * FROM `th_url` WHERE ( `id` = 30 ) LIMIT 1   [ RunTime:0.000107s ]
SQL: SELECT * FROM `th_picture` WHERE ( `status` = 1 ) AND ( `id` = 2 ) LIMIT 1   [ RunTime:0.000115s ]
SQL: SELECT * FROM `th_picture` WHERE ( `status` = 1 ) AND ( `id` = 2 ) LIMIT 1   [ RunTime:0.000134s ]
SQL: SELECT * FROM `th_url` WHERE ( `id` = 30 ) LIMIT 1   [ RunTime:0.000102s ]
SQL: SELECT * FROM `th_picture` WHERE ( `status` = 1 ) AND ( `id` = 4 ) LIMIT 1   [ RunTime:0.000119s ]
SQL: SELECT * FROM `th_picture` WHERE ( `status` = 1 ) AND ( `id` = 4 ) LIMIT 1   [ RunTime:0.000116s ]
INFO: Run Behavior\ParseTemplate [ RunTime:0.053371s ]
INFO: [ view_parse ] --END-- [ RunTime:0.053451s ]
INFO: [ view_filter ] --START--
INFO: Run Behavior\WriteHtmlCache [ RunTime:0.001066s ]
INFO: [ view_filter ] --END-- [ RunTime:0.001146s ]
INFO: [ app_end ] --START--
INFO: Run Behavior\ShowPageTrace [ RunTime:0.001649s ]
INFO: [ app_end ] --END-- [ RunTime:0.001738s ]

[ 2018-07-26T21:29:37+08:00 ] 192.168.56.1 /index.php
INFO: [ app_init ] --START--
INFO: Run Common\Behavior\InitHook [ RunTime:0.005510s ]
INFO: [ app_init ] --END-- [ RunTime:0.006459s ]
INFO: [ app_begin ] --START--
INFO: Run Behavior\ReadHtmlCache [ RunTime:0.001387s ]
INFO: [ app_begin ] --END-- [ RunTime:0.001476s ]
SQL: SHOW COLUMNS FROM `th_config` [ RunTime:0.000413s ]
SQL: SELECT `type`,`name`,`value` FROM `th_config` WHERE ( `status` = 1 )  [ RunTime:0.000242s ]
INFO: [ view_parse ] --START--
NOTIC: [8] Undefined variable: parsestr /data/thooh/www/thooh-blog/ThinkPHP/Library/OT/TagLib/RL.class.php 第 23 行.
NOTIC: [8] Undefined variable: parsestr /data/thooh/www/thooh-blog/ThinkPHP/Library/OT/TagLib/RL.class.php 第 23 行.
INFO: [ template_filter ] --START--
INFO: Run Behavior\ContentReplace [ RunTime:0.000189s ]
INFO: [ template_filter ] --END-- [ RunTime:0.000294s ]
NOTIC: [2] Use of undefined constant WEB_SITE_DESCRIPTION - assumed 'WEB_SITE_DESCRIPTION' (this will throw an Error in a future version of PHP) /data/thooh/www/thooh-blog/Runtime/Cache/Home/23809c2c600c712154ddb422baa122ef.php 第 8 行.
NOTIC: [2] Use of undefined constant WEB_SITE_KEYWORD - assumed 'WEB_SITE_KEYWORD' (this will throw an Error in a future version of PHP) /data/thooh/www/thooh-blog/Runtime/Cache/Home/23809c2c600c712154ddb422baa122ef.php 第 10 行.
NOTIC: [2] Use of undefined constant WEB_SITE_TITLE - assumed 'WEB_SITE_TITLE' (this will throw an Error in a future version of PHP) /data/thooh/www/thooh-blog/Runtime/Cache/Home/23809c2c600c712154ddb422baa122ef.php 第 14 行.
SQL: select * from th_category order by sort limit 10 [ RunTime:0.000380s ]
SQL: select *,th_category.name as c_name,th_document.description as descriptio,th_document.link_id as link_id  from th_document join th_document_article on th_document.id = th_document_article.id join th_category on th_document.category_id = th_category.id [ RunTime:0.000386s ]
SQL: SHOW COLUMNS FROM `th_url` [ RunTime:0.000308s ]
SQL: SELECT * FROM `th_url` WHERE ( `id` = 30 ) LIMIT 1   [ RunTime:0.000109s ]
SQL: SHOW COLUMNS FROM `th_picture` [ RunTime:0.000269s ]
SQL: SELECT * FROM `th_picture` WHERE ( `status` = 1 ) AND ( `id` = 3 ) LIMIT 1   [ RunTime:0.000126s ]
SQL: SELECT * FROM `th_picture` WHERE ( `status` = 1 ) AND ( `id` = 3 ) LIMIT 1   [ RunTime:0.000118s ]
SQL: SELECT * FROM `th_url` WHERE ( `id` = 30 ) LIMIT 1   [ RunTime:0.000105s ]
SQL: SELECT * FROM `th_picture` WHERE ( `status` = 1 ) AND ( `id` = 2 ) LIMIT 1   [ RunTime:0.000168s ]
SQL: SELECT * FROM `th_picture` WHERE ( `status` = 1 ) AND ( `id` = 2 ) LIMIT 1   [ RunTime:0.000115s ]
SQL: SELECT * FROM `th_url` WHERE ( `id` = 30 ) LIMIT 1   [ RunTime:0.000101s ]
SQL: SELECT * FROM `th_picture` WHERE ( `status` = 1 ) AND ( `id` = 4 ) LIMIT 1   [ RunTime:0.000122s ]
SQL: SELECT * FROM `th_picture` WHERE ( `status` = 1 ) AND ( `id` = 4 ) LIMIT 1   [ RunTime:0.000113s ]
INFO: Run Behavior\ParseTemplate [ RunTime:0.057227s ]
INFO: [ view_parse ] --END-- [ RunTime:0.057307s ]
INFO: [ view_filter ] --START--
INFO: Run Behavior\WriteHtmlCache [ RunTime:0.001259s ]
INFO: [ view_filter ] --END-- [ RunTime:0.001337s ]
INFO: [ app_end ] --START--
INFO: Run Behavior\ShowPageTrace [ RunTime:0.002380s ]
INFO: [ app_end ] --END-- [ RunTime:0.002496s ]

